<?xml version="1.0" encoding="UTF-8"?>
<!-- Generated by org.testng.reporters.JUnitXMLReporter -->
<testsuite hostname="NODE993" name="DrivingDirection" tests="1" failures="1" timestamp="12 Aug 2021 21:21:58 GMT" time="46.939" errors="0">
  <testcase name="feature" time="38.743" classname="com.testautomation.TestRunner.TestRunner">
    <failure type="cucumber.runtime.CucumberException" message="java.lang.AssertionError: Actual Corrdinates 37.757815,-122.5076406 Should match With Expected Coordinates37.757815,-122.5076407 expected [true] but found [false]">
      <![CDATA[cucumber.runtime.CucumberException: java.lang.AssertionError: Actual Corrdinates 37.757815,-122.5076406 Should match With Expected Coordinates37.757815,-122.5076407 expected [true] but found [false]
	at cucumber.api.testng.TestNGCucumberRunner.runCucumber(TestNGCucumberRunner.java:69)
	at com.testautomation.TestRunner.TestRunner.feature(TestRunner.java:30)
Caused by: java.lang.AssertionError: Actual Corrdinates 37.757815,-122.5076406 Should match With Expected Coordinates37.757815,-122.5076407 expected [true] but found [false]
	at com.testautomation.StepDef.mapsSearchStepDef.verify_coordinates_matches(mapsSearchStepDef.java:109)
	at âœ½.Then verify "37.757815,-122.5076407" coordinates matches(SearchDirection.feature:6)
... Removed 27 stack frames]]>
    </failure>
  </testcase> <!-- feature -->
</testsuite> <!-- DrivingDirection -->
